app/build/intermediates/manifest_merge_blame_file/debug/manifest-merger-blame-debug-report.txt
1<?xml version="1.0" encoding="utf-8"?>
2<manifest xmlns:android="http://schemas.android.com/apk/res/android"
3    package="com.mooc.ppjoke"
4    android:versionCode="1"
5    android:versionName="1.0" >
6
7    <uses-sdk
8        android:minSdkVersion="21"
8-->src\main\AndroidManifest.xml
9        android:targetSdkVersion="29" />
9-->src\main\AndroidManifest.xml
10
11    <uses-permission android:name="android.permission.INTERNET" />
11-->src\main\AndroidManifest.xml:5:5-67
11-->src\main\AndroidManifest.xml:5:22-64
12    <uses-permission android:name="android.permission.ACCESS_NETWORK_STATE" />
12-->src\main\AndroidManifest.xml:6:5-79
12-->src\main\AndroidManifest.xml:6:22-76
13    <uses-permission android:name="android.permission.WRITE_EXTERNAL_STORAGE" />
13-->src\main\AndroidManifest.xml:7:5-81
13-->src\main\AndroidManifest.xml:7:22-78
14    <uses-permission android:name="android.permission.READ_EXTERNAL_STORAGE" />
14-->src\main\AndroidManifest.xml:8:5-80
14-->src\main\AndroidManifest.xml:8:22-77
15    <uses-permission android:name="android.permission.CAMERA" />
15-->src\main\AndroidManifest.xml:9:5-65
15-->src\main\AndroidManifest.xml:9:22-62
16    <uses-permission android:name="android.permission.RECORD_AUDIO" />
16-->src\main\AndroidManifest.xml:10:5-71
16-->src\main\AndroidManifest.xml:10:22-68
17    <uses-permission android:name="android.permission.FLASHLIGHT" />
17-->src\main\AndroidManifest.xml:11:5-69
17-->src\main\AndroidManifest.xml:11:22-66
18    <uses-permission android:name="android.permission.READ_PHONE_STATE" />
18-->src\main\AndroidManifest.xml:12:5-75
18-->src\main\AndroidManifest.xml:12:22-72
19    <uses-permission android:name="android.permission.ACCESS_WIFI_STATE" />
19-->src\main\AndroidManifest.xml:13:5-76
19-->src\main\AndroidManifest.xml:13:22-73
20    <uses-permission android:name="android.permission.READ_LOGS" />
20-->src\main\AndroidManifest.xml:14:5-68
20-->src\main\AndroidManifest.xml:14:22-65
21    <uses-permission android:name="android.permission.WAKE_LOCK" />
21-->[androidx.work:work-runtime:2.2.0] AndroidManifest.xml:25:5-68
21-->[androidx.work:work-runtime:2.2.0] AndroidManifest.xml:25:22-65
22    <uses-permission android:name="android.permission.RECEIVE_BOOT_COMPLETED" />
22-->[androidx.work:work-runtime:2.2.0] AndroidManifest.xml:27:5-81
22-->[androidx.work:work-runtime:2.2.0] AndroidManifest.xml:27:22-78
23
24    <application
24-->src\main\AndroidManifest.xml:17:5-88:19
25        android:name="com.mooc.ppjoke.JokeApplication"
25-->src\main\AndroidManifest.xml:18:9-40
26        android:allowBackup="true"
26-->src\main\AndroidManifest.xml:19:9-35
27        android:appComponentFactory="androidx.core.app.CoreComponentFactory"
27-->[androidx.core:core:1.1.0] AndroidManifest.xml:24:18-86
28        android:debuggable="true"
29        android:icon="@mipmap/icon_jetpack"
29-->src\main\AndroidManifest.xml:20:9-44
30        android:label="@string/app_name"
30-->src\main\AndroidManifest.xml:21:9-41
31        android:roundIcon="@mipmap/icon_jetpack"
31-->src\main\AndroidManifest.xml:22:9-49
32        android:supportsRtl="true"
32-->src\main\AndroidManifest.xml:23:9-35
33        android:testOnly="true"
34        android:theme="@style/AppTheme"
34-->src\main\AndroidManifest.xml:24:9-40
35        android:usesCleartextTraffic="true" >
35-->src\main\AndroidManifest.xml:25:9-44
36
37        <!-- 这是是QQ快捷登录SDK 里面包含但没用的 apache的类，需要在这里通过uses-library去除掉 -->
38        <uses-library
38-->src\main\AndroidManifest.xml:27:9-29:40
39            android:name="org.apache.http.legacy"
39-->src\main\AndroidManifest.xml:28:13-50
40            android:required="false" />
40-->src\main\AndroidManifest.xml:29:13-37
41
42        <activity
42-->src\main\AndroidManifest.xml:31:9-40:20
43            android:name="com.mooc.ppjoke.MainActivity"
43-->src\main\AndroidManifest.xml:32:13-41
44            android:label="@string/app_name"
44-->src\main\AndroidManifest.xml:33:13-45
45            android:theme="@style/launcher" >
45-->src\main\AndroidManifest.xml:34:13-44
46            <intent-filter>
46-->src\main\AndroidManifest.xml:35:13-39:29
47                <action android:name="android.intent.action.MAIN" />
47-->src\main\AndroidManifest.xml:36:17-69
47-->src\main\AndroidManifest.xml:36:25-66
48
49                <category android:name="android.intent.category.LAUNCHER" />
49-->src\main\AndroidManifest.xml:38:17-77
49-->src\main\AndroidManifest.xml:38:27-74
50            </intent-filter>
51        </activity>
52        <activity
52-->src\main\AndroidManifest.xml:42:9-44:61
53            android:name="com.mooc.ppjoke.ui.publish.PublishActivity"
53-->src\main\AndroidManifest.xml:43:13-55
54            android:screenOrientation="portrait" />
54-->src\main\AndroidManifest.xml:44:13-49
55        <activity
55-->src\main\AndroidManifest.xml:45:9-48:55
56            android:name="com.mooc.ppjoke.ui.publish.CaptureActivity"
56-->src\main\AndroidManifest.xml:46:13-55
57            android:screenOrientation="portrait"
57-->src\main\AndroidManifest.xml:47:13-49
58            android:theme="@style/capture" />
58-->src\main\AndroidManifest.xml:48:13-43
59        <activity
59-->src\main\AndroidManifest.xml:50:9-53:55
60            android:name="com.mooc.ppjoke.ui.publish.PreviewActivity"
60-->src\main\AndroidManifest.xml:51:13-55
61            android:screenOrientation="portrait"
61-->src\main\AndroidManifest.xml:52:13-49
62            android:theme="@style/preview" />
62-->src\main\AndroidManifest.xml:53:13-43
63        <activity android:name="com.mooc.ppjoke.ui.login.LoginActivity" />
63-->src\main\AndroidManifest.xml:55:9-69
63-->src\main\AndroidManifest.xml:55:19-57
64        <activity
64-->src\main\AndroidManifest.xml:57:9-60:58
65            android:name="com.mooc.ppjoke.ui.detail.FeedDetailActivity"
65-->src\main\AndroidManifest.xml:58:13-57
66            android:screenOrientation="portrait"
66-->src\main\AndroidManifest.xml:59:13-49
67            android:theme="@style/feedDetail" />
67-->src\main\AndroidManifest.xml:60:13-46
68        <activity android:name="com.mooc.ppjoke.ui.find.TagFeedListActivity" />
68-->src\main\AndroidManifest.xml:62:9-74
68-->src\main\AndroidManifest.xml:62:19-62
69        <activity android:name="com.mooc.ppjoke.ui.my.ProfileActivity" />
69-->src\main\AndroidManifest.xml:64:9-68
69-->src\main\AndroidManifest.xml:64:19-56
70        <activity android:name="com.mooc.ppjoke.ui.my.UserBehaviorListActivity" />
70-->src\main\AndroidManifest.xml:66:9-77
70-->src\main\AndroidManifest.xml:66:19-65
71
72        <!-- 注册SDKActivity -->
73        <activity
73-->src\main\AndroidManifest.xml:70:9-83:20
74            android:name="com.tencent.tauth.AuthActivity"
74-->src\main\AndroidManifest.xml:71:13-58
75            android:launchMode="singleTask"
75-->src\main\AndroidManifest.xml:72:13-44
76            android:noHistory="true"
76-->src\main\AndroidManifest.xml:73:13-37
77            android:screenOrientation="portrait" >
77-->src\main\AndroidManifest.xml:74:13-49
78            <intent-filter>
78-->src\main\AndroidManifest.xml:75:13-82:29
79                <action android:name="android.intent.action.VIEW" />
79-->src\main\AndroidManifest.xml:76:17-69
79-->src\main\AndroidManifest.xml:76:25-66
80
81                <category android:name="android.intent.category.DEFAULT" />
81-->src\main\AndroidManifest.xml:78:17-76
81-->src\main\AndroidManifest.xml:78:27-73
82                <category android:name="android.intent.category.BROWSABLE" />
82-->src\main\AndroidManifest.xml:79:17-78
82-->src\main\AndroidManifest.xml:79:27-75
83
84                <data android:scheme="tencent101794421" />
84-->src\main\AndroidManifest.xml:81:17-59
84-->src\main\AndroidManifest.xml:81:23-56
85            </intent-filter>
86        </activity>
87        <activity
87-->src\main\AndroidManifest.xml:84:9-86:75
88            android:name="com.tencent.connect.common.AssistActivity"
88-->src\main\AndroidManifest.xml:85:13-69
89            android:theme="@android:style/Theme.Translucent.NoTitleBar" />
89-->src\main\AndroidManifest.xml:86:13-72
90
91        <provider
91-->[androidx.lifecycle:lifecycle-process:2.1.0] AndroidManifest.xml:23:9-27:43
92            android:name="androidx.lifecycle.ProcessLifecycleOwnerInitializer"
92-->[androidx.lifecycle:lifecycle-process:2.1.0] AndroidManifest.xml:24:13-79
93            android:authorities="com.mooc.ppjoke.lifecycle-process"
93-->[androidx.lifecycle:lifecycle-process:2.1.0] AndroidManifest.xml:25:13-69
94            android:exported="false"
94-->[androidx.lifecycle:lifecycle-process:2.1.0] AndroidManifest.xml:26:13-37
95            android:multiprocess="true" />
95-->[androidx.lifecycle:lifecycle-process:2.1.0] AndroidManifest.xml:27:13-40
96        <provider
96-->[androidx.work:work-runtime:2.2.0] AndroidManifest.xml:30:9-36:35
97            android:name="androidx.work.impl.WorkManagerInitializer"
97-->[androidx.work:work-runtime:2.2.0] AndroidManifest.xml:31:13-69
98            android:authorities="com.mooc.ppjoke.workmanager-init"
98-->[androidx.work:work-runtime:2.2.0] AndroidManifest.xml:32:13-68
99            android:directBootAware="false"
99-->[androidx.work:work-runtime:2.2.0] AndroidManifest.xml:33:13-44
100            android:exported="false"
100-->[androidx.work:work-runtime:2.2.0] AndroidManifest.xml:34:13-37
101            android:multiprocess="true" />
101-->[androidx.work:work-runtime:2.2.0] AndroidManifest.xml:35:13-40
102
103        <service
103-->[androidx.work:work-runtime:2.2.0] AndroidManifest.xml:38:9-43:35
104            android:name="androidx.work.impl.background.systemalarm.SystemAlarmService"
104-->[androidx.work:work-runtime:2.2.0] AndroidManifest.xml:39:13-88
105            android:directBootAware="false"
105-->[androidx.work:work-runtime:2.2.0] AndroidManifest.xml:40:13-44
106            android:enabled="@bool/enable_system_alarm_service_default"
106-->[androidx.work:work-runtime:2.2.0] AndroidManifest.xml:41:13-72
107            android:exported="false" />
107-->[androidx.work:work-runtime:2.2.0] AndroidManifest.xml:42:13-37
108        <service
108-->[androidx.work:work-runtime:2.2.0] AndroidManifest.xml:44:9-50:35
109            android:name="androidx.work.impl.background.systemjob.SystemJobService"
109-->[androidx.work:work-runtime:2.2.0] AndroidManifest.xml:45:13-84
110            android:directBootAware="false"
110-->[androidx.work:work-runtime:2.2.0] AndroidManifest.xml:46:13-44
111            android:enabled="@bool/enable_system_job_service_default"
111-->[androidx.work:work-runtime:2.2.0] AndroidManifest.xml:47:13-70
112            android:exported="true"
112-->[androidx.work:work-runtime:2.2.0] AndroidManifest.xml:48:13-36
113            android:permission="android.permission.BIND_JOB_SERVICE" />
113-->[androidx.work:work-runtime:2.2.0] AndroidManifest.xml:49:13-69
114
115        <receiver
115-->[androidx.work:work-runtime:2.2.0] AndroidManifest.xml:52:9-57:35
116            android:name="androidx.work.impl.utils.ForceStopRunnable$BroadcastReceiver"
116-->[androidx.work:work-runtime:2.2.0] AndroidManifest.xml:53:13-88
117            android:directBootAware="false"
117-->[androidx.work:work-runtime:2.2.0] AndroidManifest.xml:54:13-44
118            android:enabled="true"
118-->[androidx.work:work-runtime:2.2.0] AndroidManifest.xml:55:13-35
119            android:exported="false" />
119-->[androidx.work:work-runtime:2.2.0] AndroidManifest.xml:56:13-37
120        <receiver
120-->[androidx.work:work-runtime:2.2.0] AndroidManifest.xml:58:9-68:20
121            android:name="androidx.work.impl.background.systemalarm.ConstraintProxy$BatteryChargingProxy"
121-->[androidx.work:work-runtime:2.2.0] AndroidManifest.xml:59:13-106
122            android:directBootAware="false"
122-->[androidx.work:work-runtime:2.2.0] AndroidManifest.xml:60:13-44
123            android:enabled="false"
123-->[androidx.work:work-runtime:2.2.0] AndroidManifest.xml:61:13-36
124            android:exported="false" >
124-->[androidx.work:work-runtime:2.2.0] AndroidManifest.xml:62:13-37
125            <intent-filter>
125-->[androidx.work:work-runtime:2.2.0] AndroidManifest.xml:64:13-67:29
126                <action android:name="android.intent.action.ACTION_POWER_CONNECTED" />
126-->[androidx.work:work-runtime:2.2.0] AndroidManifest.xml:65:17-87
126-->[androidx.work:work-runtime:2.2.0] AndroidManifest.xml:65:25-84
127                <action android:name="android.intent.action.ACTION_POWER_DISCONNECTED" />
127-->[androidx.work:work-runtime:2.2.0] AndroidManifest.xml:66:17-90
127-->[androidx.work:work-runtime:2.2.0] AndroidManifest.xml:66:25-87
128            </intent-filter>
129        </receiver>
130        <receiver
130-->[androidx.work:work-runtime:2.2.0] AndroidManifest.xml:69:9-79:20
131            android:name="androidx.work.impl.background.systemalarm.ConstraintProxy$BatteryNotLowProxy"
131-->[androidx.work:work-runtime:2.2.0] AndroidManifest.xml:70:13-104
132            android:directBootAware="false"
132-->[androidx.work:work-runtime:2.2.0] AndroidManifest.xml:71:13-44
133            android:enabled="false"
133-->[androidx.work:work-runtime:2.2.0] AndroidManifest.xml:72:13-36
134            android:exported="false" >
134-->[androidx.work:work-runtime:2.2.0] AndroidManifest.xml:73:13-37
135            <intent-filter>
135-->[androidx.work:work-runtime:2.2.0] AndroidManifest.xml:75:13-78:29
136                <action android:name="android.intent.action.BATTERY_OKAY" />
136-->[androidx.work:work-runtime:2.2.0] AndroidManifest.xml:76:17-77
136-->[androidx.work:work-runtime:2.2.0] AndroidManifest.xml:76:25-74
137                <action android:name="android.intent.action.BATTERY_LOW" />
137-->[androidx.work:work-runtime:2.2.0] AndroidManifest.xml:77:17-76
137-->[androidx.work:work-runtime:2.2.0] AndroidManifest.xml:77:25-73
138            </intent-filter>
139        </receiver>
140        <receiver
140-->[androidx.work:work-runtime:2.2.0] AndroidManifest.xml:80:9-90:20
141            android:name="androidx.work.impl.background.systemalarm.ConstraintProxy$StorageNotLowProxy"
141-->[androidx.work:work-runtime:2.2.0] AndroidManifest.xml:81:13-104
142            android:directBootAware="false"
142-->[androidx.work:work-runtime:2.2.0] AndroidManifest.xml:82:13-44
143            android:enabled="false"
143-->[androidx.work:work-runtime:2.2.0] AndroidManifest.xml:83:13-36
144            android:exported="false" >
144-->[androidx.work:work-runtime:2.2.0] AndroidManifest.xml:84:13-37
145            <intent-filter>
145-->[androidx.work:work-runtime:2.2.0] AndroidManifest.xml:86:13-89:29
146                <action android:name="android.intent.action.DEVICE_STORAGE_LOW" />
146-->[androidx.work:work-runtime:2.2.0] AndroidManifest.xml:87:17-83
146-->[androidx.work:work-runtime:2.2.0] AndroidManifest.xml:87:25-80
147                <action android:name="android.intent.action.DEVICE_STORAGE_OK" />
147-->[androidx.work:work-runtime:2.2.0] AndroidManifest.xml:88:17-82
147-->[androidx.work:work-runtime:2.2.0] AndroidManifest.xml:88:25-79
148            </intent-filter>
149        </receiver>
150        <receiver
150-->[androidx.work:work-runtime:2.2.0] AndroidManifest.xml:91:9-100:20
151            android:name="androidx.work.impl.background.systemalarm.ConstraintProxy$NetworkStateProxy"
151-->[androidx.work:work-runtime:2.2.0] AndroidManifest.xml:92:13-103
152            android:directBootAware="false"
152-->[androidx.work:work-runtime:2.2.0] AndroidManifest.xml:93:13-44
153            android:enabled="false"
153-->[androidx.work:work-runtime:2.2.0] AndroidManifest.xml:94:13-36
154            android:exported="false" >
154-->[androidx.work:work-runtime:2.2.0] AndroidManifest.xml:95:13-37
155            <intent-filter>
155-->[androidx.work:work-runtime:2.2.0] AndroidManifest.xml:97:13-99:29
156                <action android:name="android.net.conn.CONNECTIVITY_CHANGE" />
156-->[androidx.work:work-runtime:2.2.0] AndroidManifest.xml:98:17-79
156-->[androidx.work:work-runtime:2.2.0] AndroidManifest.xml:98:25-76
157            </intent-filter>
158        </receiver>
159        <receiver
159-->[androidx.work:work-runtime:2.2.0] AndroidManifest.xml:101:9-112:20
160            android:name="androidx.work.impl.background.systemalarm.RescheduleReceiver"
160-->[androidx.work:work-runtime:2.2.0] AndroidManifest.xml:102:13-88
161            android:directBootAware="false"
161-->[androidx.work:work-runtime:2.2.0] AndroidManifest.xml:103:13-44
162            android:enabled="false"
162-->[androidx.work:work-runtime:2.2.0] AndroidManifest.xml:104:13-36
163            android:exported="false" >
163-->[androidx.work:work-runtime:2.2.0] AndroidManifest.xml:105:13-37
164            <intent-filter>
164-->[androidx.work:work-runtime:2.2.0] AndroidManifest.xml:107:13-111:29
165                <action android:name="android.intent.action.BOOT_COMPLETED" />
165-->[androidx.work:work-runtime:2.2.0] AndroidManifest.xml:108:17-79
165-->[androidx.work:work-runtime:2.2.0] AndroidManifest.xml:108:25-76
166                <action android:name="android.intent.action.TIME_SET" />
166-->[androidx.work:work-runtime:2.2.0] AndroidManifest.xml:109:17-73
166-->[androidx.work:work-runtime:2.2.0] AndroidManifest.xml:109:25-70
167                <action android:name="android.intent.action.TIMEZONE_CHANGED" />
167-->[androidx.work:work-runtime:2.2.0] AndroidManifest.xml:110:17-81
167-->[androidx.work:work-runtime:2.2.0] AndroidManifest.xml:110:25-78
168            </intent-filter>
169        </receiver>
170        <receiver
170-->[androidx.work:work-runtime:2.2.0] AndroidManifest.xml:113:9-122:20
171            android:name="androidx.work.impl.background.systemalarm.ConstraintProxyUpdateReceiver"
171-->[androidx.work:work-runtime:2.2.0] AndroidManifest.xml:114:13-99
172            android:directBootAware="false"
172-->[androidx.work:work-runtime:2.2.0] AndroidManifest.xml:115:13-44
173            android:enabled="@bool/enable_system_alarm_service_default"
173-->[androidx.work:work-runtime:2.2.0] AndroidManifest.xml:116:13-72
174            android:exported="false" >
174-->[androidx.work:work-runtime:2.2.0] AndroidManifest.xml:117:13-37
175            <intent-filter>
175-->[androidx.work:work-runtime:2.2.0] AndroidManifest.xml:119:13-121:29
176                <action android:name="androidx.work.impl.background.systemalarm.UpdateProxies" />
176-->[androidx.work:work-runtime:2.2.0] AndroidManifest.xml:120:17-98
176-->[androidx.work:work-runtime:2.2.0] AndroidManifest.xml:120:25-95
177            </intent-filter>
178        </receiver>
179
180        <uses-library
180-->[androidx.camera:camera-extensions:1.0.0-alpha01] AndroidManifest.xml:25:9-27:40
181            android:name="androidx.camera.extensions.impl"
181-->[androidx.camera:camera-extensions:1.0.0-alpha01] AndroidManifest.xml:26:13-59
182            android:required="false" />
182-->[androidx.camera:camera-extensions:1.0.0-alpha01] AndroidManifest.xml:27:13-37
183
184        <provider
184-->[androidx.camera:camera-camera2:1.0.0-alpha04] AndroidManifest.xml:25:9-30:43
185            android:name="androidx.camera.camera2.impl.Camera2Initializer"
185-->[androidx.camera:camera-camera2:1.0.0-alpha04] AndroidManifest.xml:26:13-75
186            android:authorities="com.mooc.ppjoke.camerax-init"
186-->[androidx.camera:camera-camera2:1.0.0-alpha04] AndroidManifest.xml:27:13-64
187            android:exported="false"
187-->[androidx.camera:camera-camera2:1.0.0-alpha04] AndroidManifest.xml:28:13-37
188            android:initOrder="100"
188-->[androidx.camera:camera-camera2:1.0.0-alpha04] AndroidManifest.xml:29:13-36
189            android:multiprocess="true" />
189-->[androidx.camera:camera-camera2:1.0.0-alpha04] AndroidManifest.xml:30:13-40
190
191        <service
191-->[androidx.room:room-runtime:2.1.0] AndroidManifest.xml:25:9-27:40
192            android:name="androidx.room.MultiInstanceInvalidationService"
192-->[androidx.room:room-runtime:2.1.0] AndroidManifest.xml:26:13-74
193            android:exported="false" />
193-->[androidx.room:room-runtime:2.1.0] AndroidManifest.xml:27:13-37
194    </application>
195
196</manifest>